[debug] [2022-01-02T09:35:32.809Z] ----------------------------------------------------------------------
[debug] [2022-01-02T09:35:32.819Z] Command:       C:\Program Files\nodejs\node.exe C:\Program Files\nodejs\node_modules\firebase-tools\lib\bin\firebase.js init
[debug] [2022-01-02T09:35:32.821Z] CLI Version:   9.23.3
[debug] [2022-01-02T09:35:32.822Z] Platform:      win32
[debug] [2022-01-02T09:35:32.822Z] Node Version:  v16.13.1
[debug] [2022-01-02T09:35:32.826Z] Time:          Sun Jan 02 2022 15:05:32 GMT+0530 (India Standard Time)
[debug] [2022-01-02T09:35:32.828Z] ----------------------------------------------------------------------
[debug] 
[debug] [2022-01-02T09:35:32.837Z] >>> [apiv2][query] GET https://firebase-public.firebaseio.com/cli.json [none]
[debug] [2022-01-02T09:35:32.903Z] > command requires scopes: ["email","openid","https://www.googleapis.com/auth/cloudplatformprojects.readonly","https://www.googleapis.com/auth/firebase","https://www.googleapis.com/auth/cloud-platform"]
[debug] [2022-01-02T09:35:32.904Z] > authorizing via signed-in user (dvadranam91@gmail.com)
[info] 
     ######## #### ########  ######## ########     ###     ######  ########
     ##        ##  ##     ## ##       ##     ##  ##   ##  ##       ##
     ######    ##  ########  ######   ########  #########  ######  ######
     ##        ##  ##    ##  ##       ##     ## ##     ##       ## ##
     ##       #### ##     ## ######## ########  ##     ##  ######  ########

You're about to initialize a Firebase project in this directory:

  C:\Users\divya\Documents\slack_clone_2\slack-app

[debug] [2022-01-02T09:35:34.971Z] <<< [apiv2][status] GET https://firebase-public.firebaseio.com/cli.json 200
[debug] [2022-01-02T09:35:34.973Z] <<< [apiv2][body] GET https://firebase-public.firebaseio.com/cli.json {"cloudBuildErrorAfter":1594252800000,"cloudBuildWarnAfter":1590019200000,"defaultNode10After":1594252800000,"minVersion":"3.0.5","node8DeploysDisabledAfter":1613390400000,"node8RuntimeDisabledAfter":1615809600000,"node8WarnAfter":1600128000000}
